#
# A fatal error has been detected by the Java Runtime Environment:
#
#  EXCEPTION_ACCESS_VIOLATION (0xc0000005) at pc=0x0000000000000008, pid=20816, tid=5496
#
# JRE version: OpenJDK Runtime Environment Microsoft-28056 (17.0.1+12) (build 17.0.1+12-LTS)
# Java VM: OpenJDK 64-Bit Server VM Microsoft-28056 (17.0.1+12-LTS, mixed mode, tiered, compressed oops, compressed class ptrs, g1 gc, windows-amd64)
# Problematic frame:
# C  0x0000000000000008
#
# No core dump will be written. Minidumps are not enabled by default on client versions of Windows
#
# If you would like to submit a bug report, please visit:
#   https://github.com/microsoft/openjdk/issues
# The crash happened outside the Java Virtual Machine in native code.
# See problematic frame for where to report the bug.
#

---------------  S U M M A R Y ------------

Command Line: -Dlog4j.configurationFile=C:\Users\user\PycharmProjects\Mcdownloader_pycharm\data\minecraft/versions\1.18.1\assets/log_configs\client-1.12.xml -Dos.name=Windows 10 -Dos.version=10.0 -Djava.library.path=temp/natives -Dminecraft.launcher.brand=OfflineMC -Dminecraft.launcher.version=0.0.1 -Xmx2G -XX:+UnlockExperimentalVMOptions -XX:+UseG1GC -XX:G1NewSizePercent=20 -XX:G1ReservePercent=20 -XX:MaxGCPauseMillis=50 -XX:G1HeapRegionSize=32M net.minecraft.client.main.Main --username herobrine --version 1.18.1 --gameDir C:\Users\user\Games\Minecraft Launcher\1.7.10 --assetsDir C:\Users\user\PycharmProjects\Mcdownloader_pycharm\data\minecraft/versions\1.18.1\assets --assetIndex 1.18.1 --uuid  --accessToken  --clientId  --xuid  --userType  --versionType --width 800 --height 600

Host: Intel(R) Core(TM) i7-10750H CPU @ 2.60GHz, 12 cores, 31G,  Windows 10 , 64 bit Build 19041 (10.0.19041.1023)
Time: Sat Mar  5 18:14:00 2022 Europa Zachodnia (czas stand.) elapsed time: 4.045790 seconds (0d 0h 0m 4s)

---------------  T H R E A D  ---------------

Current thread (0x0000027c3536aa40):  JavaThread "Render thread" [_thread_in_native, id=5496, stack(0x000000a32c800000,0x000000a32c900000)]

Stack: [0x000000a32c800000,0x000000a32c900000],  sp=0x000000a32c8fb088,  free space=1004k
Native frames: (J=compiled Java code, j=interpreted, Vv=VM code, C=native code)
C  0x0000000000000008

Java frames: (J=compiled Java code, j=interpreted, Vv=VM code)
j  org.lwjgl.system.JNI.invokePP(JJ)J+0
j  org.lwjgl.system.jemalloc.JEmalloc.nje_malloc(J)J+6
j  org.lwjgl.system.jemalloc.JEmalloc.<clinit>()V+42
v  ~StubRoutines::call_stub
j  org.lwjgl.system.jemalloc.JEmallocAllocator.<clinit>()V+0
v  ~StubRoutines::call_stub
J 1294  java.lang.Class.forName0(Ljava/lang/String;ZLjava/lang/ClassLoader;Ljava/lang/Class;)Ljava/lang/Class; java.base@17.0.1 (0 bytes) @ 0x0000027c406635a7 [0x0000027c40663520+0x0000000000000087]
J 1927 c1 java.lang.Class.forName(Ljava/lang/String;)Ljava/lang/Class; java.base@17.0.1 (15 bytes) @ 0x0000027c3941fce4 [0x0000027c3941fbc0+0x0000000000000124]
j  org.lwjgl.system.MemoryManage.getInstance()Lorg/lwjgl/system/MemoryUtil$MemoryAllocator;+68
j  org.lwjgl.system.MemoryUtil$LazyInit.<clinit>()V+0
v  ~StubRoutines::call_stub
j  org.lwjgl.system.MemoryUtil.getAllocator(Z)Lorg/lwjgl/system/MemoryUtil$MemoryAllocator;+10
j  dri.<clinit>()V+1
v  ~StubRoutines::call_stub
j  dse.<init>(I)V+34
j  dsl.<init>(I)V+10
j  dsl.<init>()V+3
j  dsl.<clinit>()V+4
v  ~StubRoutines::call_stub
j  com.mojang.blaze3d.systems.RenderSystem.<clinit>()V+12
v  ~StubRoutines::call_stub
j  net.minecraft.client.main.Main.main([Ljava/lang/String;)V+1327
v  ~StubRoutines::call_stub

siginfo: EXCEPTION_ACCESS_VIOLATION (0xc0000005), data execution prevention violation at address 0x0000000000000008


Register to memory mapping:

RIP=0x0000000000000008 is an unknown value
RAX=0x00007ffc49d71a60 lwjgl.dll
RBX={method} {0x0000027c580a8560} 'invokePP' '(JJ)J' in 'org/lwjgl/system/JNI'
RCX=0x00007ffc2e234870 jemalloc.dll
RDX=0x000000a32c8fb128 is pointing into the stack for thread: 0x0000027c3536aa40
RSP=0x000000a32c8fb088 is pointing into the stack for thread: 0x0000027c3536aa40
RBP=0x000000a32c8fb118 is pointing into the stack for thread: 0x0000027c3536aa40
RSI=0x00000000c6331148 is an oop: [B 
{0x00000000c6331148} - klass: {type array byte}
 - length: 20
RDI=0x0000000000000014 is an unknown value
R8 =0x00007ffc2e234870 jemalloc.dll
R9 =0x0000000000000008 is an unknown value
R10=0x0000027c38b0d5d2 is at code_begin+946 in an Interpreter codelet
method entry point (kind = native)  [0x0000027c38b0d220, 0x0000027c38b0dba0]  2432 bytes
R11=0x00000000c635abb0 is an oop: java.lang.Class 
{0x00000000c635abb0} - klass: 'java/lang/Class'
 - ---- fields (total size 14 words):
 - private volatile transient 'classRedefinedCount' 'I' @12  0
 - private volatile transient 'cachedConstructor' 'Ljava/lang/reflect/Constructor;' @40  NULL (0)
 - private transient 'name' 'Ljava/lang/String;' @44  "org.lwjgl.system.JNI"{0x00000000c635ac30} (c635ac30)
 - private transient 'module' 'Ljava/lang/Module;' @48  a 'java/lang/Module'{0x0000000084ad3ce8} (84ad3ce8)
 - private final 'classLoader' 'Ljava/lang/ClassLoader;' @52  a 'jdk/internal/loader/ClassLoaders$AppClassLoader'{0x0000000084975400} (84975400)
 - private transient 'classData' 'Ljava/lang/Object;' @56  NULL (0)
 - private transient 'packageName' 'Ljava/lang/String;' @60  "org.lwjgl.system"{0x000000009a459690} (9a459690)
 - private final 'componentType' 'Ljava/lang/Class;' @64  NULL (0)
 - private volatile transient 'reflectionData' 'Ljava/lang/ref/SoftReference;' @68  NULL (0)
 - private volatile transient 'genericInfo' 'Lsun/reflect/generics/repository/ClassRepository;' @72  NULL (0)
 - private volatile transient 'enumConstants' '[Ljava/lang/Object;' @76  NULL (0)
 - private volatile transient 'enumConstantDirectory' 'Ljava/util/Map;' @80  NULL (0)
 - private volatile transient 'annotationData' 'Ljava/lang/Class$AnnotationData;' @84  NULL (0)
 - private volatile transient 'annotationType' 'Lsun/reflect/annotation/AnnotationType;' @88  NULL (0)
 - transient 'classValueMap' 'Ljava/lang/ClassValue$ClassValueMap;' @92  NULL (0)
 - signature: Lorg/lwjgl/system/JNI;
 - fake entry for mirror: 'org/lwjgl/system/JNI'
 - fake entry for array: NULL
 - fake entry for oop_size: 14
 - fake entry for static_oop_field_count: 0
R12=0x0 is NULL
R13={method} {0x0000027c580a8560} 'invokePP' '(JJ)J' in 'org/lwjgl/system/JNI'
R14=0x000000a32c8fb150 is pointing into the stack for thread: 0x0000027c3536aa40
R15=0x0000027c3536aa40 is a thread


Registers:
RAX=0x00007ffc49d71a60, RBX=0x0000027c580a8558, RCX=0x00007ffc2e234870, RDX=0x000000a32c8fb128
RSP=0x000000a32c8fb088, RBP=0x000000a32c8fb118, RSI=0x00000000c6331148, RDI=0x0000000000000014
R8 =0x00007ffc2e234870, R9 =0x0000000000000008, R10=0x0000027c38b0d5d2, R11=0x00000000c635abb0
R12=0x0000000000000000, R13=0x0000027c580a8558, R14=0x000000a32c8fb150, R15=0x0000027c3536aa40
RIP=0x0000000000000008, EFLAGS=0x0000000000010202

Top of Stack: (sp=0x000000a32c8fb088)
0x000000a32c8fb088:   0000027c38b0d601 0000000000000014
0x000000a32c8fb098:   0000027c38b0d31c 0000027c580a8558
0x000000a32c8fb0a8:   00000000c6331148 3ff0000000000000
0x000000a32c8fb0b8:   0000027c3536aa40 00000000c6331148
0x000000a32c8fb0c8:   0000027c38b0d2d6 000000a32c8fb0d0
0x000000a32c8fb0d8:   0000027c580a8558 000000a32c8fb150
0x000000a32c8fb0e8:   0000027c580d6110 0000000000000000
0x000000a32c8fb0f8:   00000000ba0003a8 0000027c580a8558
0x000000a32c8fb108:   0000000000000000 000000a32c8fb138
0x000000a32c8fb118:   000000a32c8fb1a0 0000027c38b095bb
0x000000a32c8fb128:   00000000ba0003a8 0000027c38b0af57
0x000000a32c8fb138:   0000000000000008 0000000000000000
0x000000a32c8fb148:   00007ffc2e234870 0000000000000000
0x000000a32c8fb158:   000000a32c8fb158 0000027c580893c6
0x000000a32c8fb168:   000000a32c8fb1c8 0000027c5808ccd8
0x000000a32c8fb178:   0000000000000000 00000000ba000308 

Instructions: (pc=0x0000000000000008)
0xffffffffffffff08:   


Stack slot to memory mapping:
stack at sp + 0 slots: 0x0000027c38b0d601 is at code_begin+993 in an Interpreter codelet
method entry point (kind = native)  [0x0000027c38b0d220, 0x0000027c38b0dba0]  2432 bytes
stack at sp + 1 slots: 0x0000000000000014 is an unknown value
stack at sp + 2 slots: 0x0000027c38b0d31c is at code_begin+252 in an Interpreter codelet
method entry point (kind = native)  [0x0000027c38b0d220, 0x0000027c38b0dba0]  2432 bytes
stack at sp + 3 slots: {method} {0x0000027c580a8560} 'invokePP' '(JJ)J' in 'org/lwjgl/system/JNI'
stack at sp + 4 slots: 0x00000000c6331148 is an oop: com.mojang.datafixers.functions.PointFreeRule$$Lambda$1036/0x000000010048fb48 
{0x00000000c6331148} - klass: 'com/mojang/datafixers/functions/PointFreeRule$$Lambda$1036+0x000000010048fb48'
 - ---- fields (total size 2 words):
 - private final 'arg$1' 'Lcom/mojang/datafixers/functions/PointFreeRule;' @12  a 'com/mojang/datafixers/functions/PointFreeRule$OrElse'{0x0000000084d0d838} (84d0d838)
stack at sp + 5 slots: 0x3ff0000000000000 is an unknown value
stack at sp + 6 slots: 0x0000027c3536aa40 is a thread
stack at sp + 7 slots: 0x00000000c6331148 is an oop: com.mojang.datafixers.functions.PointFreeRule$$Lambda$1036/0x000000010048fb48 
{0x00000000c6331148} - klass: 'com/mojang/datafixers/functions/PointFreeRule$$Lambda$1036+0x000000010048fb48'
 - ---- fields (total size 2 words):
 - private final 'arg$1' 'Lcom/mojang/datafixers/functions/PointFreeRule;' @12  a 'com/mojang/datafixers/functions/PointFreeRule$OrElse'{0x0000000084d0d838} (84d0d838)


---------------  P R O C E S S  ---------------

Threads class SMR info:
_java_thread_list=0x0000027c56b5f470, length=26, elements={
0x0000027c3536aa40, 0x0000027c4f84c200, 0x0000027c4f84cb50, 0x0000027c4f8985c0,
0x0000027c4f8991a0, 0x0000027c4f899670, 0x0000027c4f899b40, 0x0000027c4f8d9c90,
0x0000027c4f8da250, 0x0000027c4f8e2960, 0x0000027c505527b0, 0x0000027c5055d8f0,
0x0000027c538f8720, 0x0000027c538f68c0, 0x0000027c53f221a0, 0x0000027c53f251c0,
0x0000027c53f1fff0, 0x0000027c53f23e80, 0x0000027c53f24cf0, 0x0000027c53f21800,
0x0000027c53f26030, 0x0000027c53f20990, 0x0000027c53f21cd0, 0x0000027c53f25b60,
0x0000027c53f239b0, 0x0000027c53f22670
}

Java Threads: ( => current thread )
=>0x0000027c3536aa40 JavaThread "Render thread" [_thread_in_native, id=5496, stack(0x000000a32c800000,0x000000a32c900000)]
  0x0000027c4f84c200 JavaThread "Reference Handler" daemon [_thread_blocked, id=20800, stack(0x000000a32cf00000,0x000000a32d000000)]
  0x0000027c4f84cb50 JavaThread "Finalizer" daemon [_thread_blocked, id=18224, stack(0x000000a32d000000,0x000000a32d100000)]
  0x0000027c4f8985c0 JavaThread "Signal Dispatcher" daemon [_thread_blocked, id=23020, stack(0x000000a32d100000,0x000000a32d200000)]
  0x0000027c4f8991a0 JavaThread "Attach Listener" daemon [_thread_blocked, id=21760, stack(0x000000a32d200000,0x000000a32d300000)]
  0x0000027c4f899670 JavaThread "Service Thread" daemon [_thread_blocked, id=21416, stack(0x000000a32d300000,0x000000a32d400000)]
  0x0000027c4f899b40 JavaThread "Monitor Deflation Thread" daemon [_thread_blocked, id=5800, stack(0x000000a32d400000,0x000000a32d500000)]
  0x0000027c4f8d9c90 JavaThread "C2 CompilerThread0" daemon [_thread_in_native, id=9484, stack(0x000000a32d500000,0x000000a32d600000)]
  0x0000027c4f8da250 JavaThread "C1 CompilerThread0" daemon [_thread_blocked, id=2200, stack(0x000000a32d600000,0x000000a32d700000)]
  0x0000027c4f8e2960 JavaThread "Sweeper thread" daemon [_thread_blocked, id=17460, stack(0x000000a32d700000,0x000000a32d800000)]
  0x0000027c505527b0 JavaThread "Notification Thread" daemon [_thread_blocked, id=14220, stack(0x000000a32d800000,0x000000a32d900000)]
  0x0000027c5055d8f0 JavaThread "Common-Cleaner" daemon [_thread_blocked, id=2916, stack(0x000000a32da00000,0x000000a32db00000)]
  0x0000027c538f8720 JavaThread "C2 CompilerThread1" daemon [_thread_in_native, id=22536, stack(0x000000a32dc00000,0x000000a32dd00000)]
  0x0000027c538f68c0 JavaThread "C2 CompilerThread2" daemon [_thread_in_native, id=13212, stack(0x000000a32f300000,0x000000a32f400000)]
  0x0000027c53f221a0 JavaThread "Worker-Bootstrap-1" daemon [_thread_in_Java, id=18844, stack(0x000000a32f400000,0x000000a32f500000)]
  0x0000027c53f251c0 JavaThread "Worker-Bootstrap-2" daemon [_thread_in_Java, id=14600, stack(0x000000a32f500000,0x000000a32f600000)]
  0x0000027c53f1fff0 JavaThread "Worker-Bootstrap-3" daemon [_thread_blocked, id=15752, stack(0x000000a32f600000,0x000000a32f700000)]
  0x0000027c53f23e80 JavaThread "Worker-Bootstrap-4" daemon [_thread_blocked, id=15568, stack(0x000000a32f700000,0x000000a32f800000)]
  0x0000027c53f24cf0 JavaThread "Worker-Bootstrap-5" daemon [_thread_in_Java, id=3260, stack(0x000000a32f800000,0x000000a32f900000)]
  0x0000027c53f21800 JavaThread "Worker-Bootstrap-6" daemon [_thread_in_Java, id=22144, stack(0x000000a32f900000,0x000000a32fa00000)]
  0x0000027c53f26030 JavaThread "Worker-Bootstrap-7" daemon [_thread_in_Java, id=22780, stack(0x000000a32fa00000,0x000000a32fb00000)]
  0x0000027c53f20990 JavaThread "Worker-Bootstrap-8" daemon [_thread_in_Java, id=13780, stack(0x000000a32fb00000,0x000000a32fc00000)]
  0x0000027c53f21cd0 JavaThread "Worker-Bootstrap-9" daemon [_thread_in_Java, id=10016, stack(0x000000a32fc00000,0x000000a32fd00000)]
  0x0000027c53f25b60 JavaThread "Worker-Bootstrap-10" daemon [_thread_in_vm, id=20012, stack(0x000000a32fd00000,0x000000a32fe00000)]
  0x0000027c53f239b0 JavaThread "Worker-Bootstrap-11" daemon [_thread_in_Java, id=8064, stack(0x000000a32fe00000,0x000000a32ff00000)]
  0x0000027c53f22670 JavaThread "Timer hack thread" daemon [_thread_blocked, id=14564, stack(0x000000a32ff00000,0x000000a330000000)]

Other Threads:
  0x0000027c4f8797c0 VMThread "VM Thread" [stack: 0x000000a32ce00000,0x000000a32cf00000] [id=5620]
  0x0000027c353ab5c0 WatcherThread [stack: 0x000000a32d900000,0x000000a32da00000] [id=18944]
  0x0000027c3539c190 GCTaskThread "GC Thread#0" [stack: 0x000000a32c900000,0x000000a32ca00000] [id=23144]
  0x0000027c513a4080 GCTaskThread "GC Thread#1" [stack: 0x000000a32dd00000,0x000000a32de00000] [id=20668]
  0x0000027c514d4090 GCTaskThread "GC Thread#2" [stack: 0x000000a32de00000,0x000000a32df00000] [id=18292]
  0x0000027c513ba980 GCTaskThread "GC Thread#3" [stack: 0x000000a32df00000,0x000000a32e000000] [id=21680]
  0x0000027c51321ab0 GCTaskThread "GC Thread#4" [stack: 0x000000a32e000000,0x000000a32e100000] [id=15176]
  0x0000027c51321d60 GCTaskThread "GC Thread#5" [stack: 0x000000a32e100000,0x000000a32e200000] [id=17512]
  0x0000027c514fb090 GCTaskThread "GC Thread#6" [stack: 0x000000a32e200000,0x000000a32e300000] [id=392]
  0x0000027c514fb340 GCTaskThread "GC Thread#7" [stack: 0x000000a32e300000,0x000000a32e400000] [id=3892]
  0x0000027c51527030 GCTaskThread "GC Thread#8" [stack: 0x000000a32e400000,0x000000a32e500000] [id=17648]
  0x0000027c515272e0 GCTaskThread "GC Thread#9" [stack: 0x000000a32e500000,0x000000a32e600000] [id=16500]
  0x0000027c3539d8d0 ConcurrentGCThread "G1 Main Marker" [stack: 0x000000a32ca00000,0x000000a32cb00000] [id=23540]
  0x0000027c3539ea80 ConcurrentGCThread "G1 Conc#0" [stack: 0x000000a32cb00000,0x000000a32cc00000] [id=23480]
  0x0000027c5134bb00 ConcurrentGCThread "G1 Conc#1" [stack: 0x000000a32e700000,0x000000a32e800000] [id=15824]
  0x0000027c50571c40 ConcurrentGCThread "G1 Conc#2" [stack: 0x000000a32ef00000,0x000000a32f000000] [id=21624]
  0x0000027c354131f0 ConcurrentGCThread "G1 Refine#0" [stack: 0x000000a32cc00000,0x000000a32cd00000] [id=9020]
  0x0000027c5116d9e0 ConcurrentGCThread "G1 Refine#1" [stack: 0x000000a32e600000,0x000000a32e700000] [id=18384]
  0x0000027c5116c5c0 ConcurrentGCThread "G1 Refine#2" [stack: 0x000000a32e800000,0x000000a32e900000] [id=1536]
  0x0000027c5116dcc0 ConcurrentGCThread "G1 Refine#3" [stack: 0x000000a32e900000,0x000000a32ea00000] [id=15160]
  0x0000027c5116cb80 ConcurrentGCThread "G1 Refine#4" [stack: 0x000000a32ea00000,0x000000a32eb00000] [id=12140]
  0x0000027c5116ce60 ConcurrentGCThread "G1 Refine#5" [stack: 0x000000a32eb00000,0x000000a32ec00000] [id=6216]
  0x0000027c5116d420 ConcurrentGCThread "G1 Refine#6" [stack: 0x000000a32ec00000,0x000000a32ed00000] [id=20364]
  0x0000027c5116d140 ConcurrentGCThread "G1 Refine#7" [stack: 0x000000a32ed00000,0x000000a32ee00000] [id=6224]
  0x0000027c5116d700 ConcurrentGCThread "G1 Refine#8" [stack: 0x000000a32ee00000,0x000000a32ef00000] [id=19628]
  0x0000027c517281b0 ConcurrentGCThread "G1 Refine#9" [stack: 0x000000a32db00000,0x000000a32dc00000] [id=2992]
  0x0000027c35414740 ConcurrentGCThread "G1 Service" [stack: 0x000000a32cd00000,0x000000a32ce00000] [id=23216]

Threads with active compile tasks:
C2 CompilerThread0     4111 5617       4       jdk.internal.org.objectweb.asm.Frame::execute (2305 bytes)
C2 CompilerThread1     4111 5625       4       com.mojang.datafixers.functions.PointFreeRule$CataFuseDifferent::doRewrite (452 bytes)
C2 CompilerThread2     4111 5620       4       jdk.internal.org.objectweb.asm.ClassWriter::toByteArray (1515 bytes)

VM state: not at safepoint (normal execution)

VM Mutex/Monitor currently owned by a thread: None

Heap address: 0x0000000080000000, size: 2048 MB, Compressed Oops mode: 32-bit

CDS archive(s) not mapped
Compressed class space mapped at: 0x0000000100000000-0x0000000140000000, reserved size: 1073741824
Narrow klass base: 0x0000000000000000, Narrow klass shift: 3, Narrow klass range: 0x140000000

GC Precious Log:
 CPUs: 12 total, 12 available
 Memory: 32599M
 Large Page Support: Disabled
 NUMA Support: Disabled
 Compressed Oops: Enabled (32-bit)
 Heap Region Size: 32M
 Heap Min Capacity: 32M
 Heap Initial Capacity: 512M
 Heap Max Capacity: 2G
 Pre-touch: Disabled
 Parallel Workers: 10
 Concurrent Workers: 3
 Concurrent Refinement Workers: 10
 Periodic GC: Disabled

Heap:
 garbage-first heap   total 1179648K, used 220999K [0x0000000080000000, 0x0000000100000000)
  region size 32768K, 3 young (98304K), 1 survivors (32768K)
 Metaspace       used 53212K, committed 53760K, reserved 1097728K
  class space    used 7442K, committed 7680K, reserved 1048576K

Heap Regions: E=young(eden), S=young(survivor), O=old, HS=humongous(starts), HC=humongous(continues), CS=collection set, F=free, OA=open archive, CA=closed archive, TAMS=top-at-mark-start (previous, next)
|   0|0x0000000080000000, 0x0000000081cea200, 0x0000000082000000| 90%| O|  |TAMS 0x0000000081cea200, 0x0000000080000000| Untracked 
|   1|0x0000000082000000, 0x0000000084000000, 0x0000000084000000|100%| O|  |TAMS 0x0000000082000000, 0x0000000082000000| Untracked 
|   2|0x0000000084000000, 0x0000000086000000, 0x0000000086000000|100%| O|  |TAMS 0x0000000086000000, 0x0000000084000000| Untracked 
|   3|0x0000000086000000, 0x0000000088000000, 0x0000000088000000|100%| O|  |TAMS 0x0000000088000000, 0x0000000086000000| Untracked 
|   4|0x0000000088000000, 0x000000008a000000, 0x000000008a000000|100%| O|  |TAMS 0x0000000088000000, 0x0000000088000000| Untracked 
|   5|0x000000008a000000, 0x000000008aa5fe00, 0x000000008c000000| 32%| O|  |TAMS 0x000000008a000000, 0x000000008a000000| Untracked 
|   6|0x000000008c000000, 0x000000008c000000, 0x000000008e000000|  0%| F|  |TAMS 0x000000008c000000, 0x000000008c000000| Untracked 
|   7|0x000000008e000000, 0x000000008e000000, 0x0000000090000000|  0%| F|  |TAMS 0x000000008e000000, 0x000000008e000000| Untracked 
|   8|0x0000000090000000, 0x0000000090000000, 0x0000000092000000|  0%| F|  |TAMS 0x0000000090000000, 0x0000000090000000| Untracked 
|   9|0x0000000092000000, 0x0000000092000000, 0x0000000094000000|  0%| F|  |TAMS 0x0000000092000000, 0x0000000092000000| Untracked 
|  10|0x0000000094000000, 0x0000000094000000, 0x0000000096000000|  0%| F|  |TAMS 0x0000000094000000, 0x0000000094000000| Untracked 
|  11|0x0000000096000000, 0x0000000096000000, 0x0000000098000000|  0%| F|  |TAMS 0x0000000096000000, 0x0000000096000000| Untracked 
|  12|0x0000000098000000, 0x0000000098000000, 0x000000009a000000|  0%| F|  |TAMS 0x0000000098000000, 0x0000000098000000| Untracked 
|  13|0x000000009a000000, 0x000000009a000000, 0x000000009c000000|  0%| F|  |TAMS 0x000000009a000000, 0x000000009a000000| Untracked 
|  14|0x000000009c000000, 0x000000009c000000, 0x000000009e000000|  0%| F|  |TAMS 0x000000009c000000, 0x000000009c000000| Untracked 
|  15|0x000000009e000000, 0x000000009e000000, 0x00000000a0000000|  0%| F|  |TAMS 0x000000009e000000, 0x000000009e000000| Untracked 
|  16|0x00000000a0000000, 0x00000000a0000000, 0x00000000a2000000|  0%| F|  |TAMS 0x00000000a0000000, 0x00000000a0000000| Untracked 
|  17|0x00000000a2000000, 0x00000000a2000000, 0x00000000a4000000|  0%| F|  |TAMS 0x00000000a2000000, 0x00000000a2000000| Untracked 
|  18|0x00000000a4000000, 0x00000000a4000000, 0x00000000a6000000|  0%| F|  |TAMS 0x00000000a4000000, 0x00000000a4000000| Untracked 
|  19|0x00000000a6000000, 0x00000000a6000000, 0x00000000a8000000|  0%| F|  |TAMS 0x00000000a6000000, 0x00000000a6000000| Untracked 
|  20|0x00000000a8000000, 0x00000000a8000000, 0x00000000aa000000|  0%| F|  |TAMS 0x00000000a8000000, 0x00000000a8000000| Untracked 
|  21|0x00000000aa000000, 0x00000000aa000000, 0x00000000ac000000|  0%| F|  |TAMS 0x00000000aa000000, 0x00000000aa000000| Untracked 
|  22|0x00000000ac000000, 0x00000000ac000000, 0x00000000ae000000|  0%| F|  |TAMS 0x00000000ac000000, 0x00000000ac000000| Untracked 
|  23|0x00000000ae000000, 0x00000000ae000000, 0x00000000b0000000|  0%| F|  |TAMS 0x00000000ae000000, 0x00000000ae000000| Untracked 
|  24|0x00000000b0000000, 0x00000000b0000000, 0x00000000b2000000|  0%| F|  |TAMS 0x00000000b0000000, 0x00000000b0000000| Untracked 
|  25|0x00000000b2000000, 0x00000000b2000000, 0x00000000b4000000|  0%| F|  |TAMS 0x00000000b2000000, 0x00000000b2000000| Untracked 
|  26|0x00000000b4000000, 0x00000000b4000000, 0x00000000b6000000|  0%| F|  |TAMS 0x00000000b4000000, 0x00000000b4000000| Untracked 
|  27|0x00000000b6000000, 0x00000000b6000000, 0x00000000b8000000|  0%| F|  |TAMS 0x00000000b6000000, 0x00000000b6000000| Untracked 
|  28|0x00000000b8000000, 0x00000000b8000000, 0x00000000ba000000|  0%| F|  |TAMS 0x00000000b8000000, 0x00000000b8000000| Untracked 
|  29|0x00000000ba000000, 0x00000000bb087fe0, 0x00000000bc000000| 51%| S|CS|TAMS 0x00000000ba000000, 0x00000000ba000000| Complete 
|  30|0x00000000bc000000, 0x00000000bc000000, 0x00000000be000000|  0%| F|  |TAMS 0x00000000bc000000, 0x00000000bc000000| Untracked 
|  31|0x00000000be000000, 0x00000000be000000, 0x00000000c0000000|  0%| F|  |TAMS 0x00000000be000000, 0x00000000be000000| Untracked 
|  32|0x00000000c0000000, 0x00000000c0000000, 0x00000000c2000000|  0%| F|  |TAMS 0x00000000c0000000, 0x00000000c0000000| Untracked 
|  33|0x00000000c2000000, 0x00000000c2000000, 0x00000000c4000000|  0%| F|  |TAMS 0x00000000c2000000, 0x00000000c2000000| Untracked 
|  34|0x00000000c4000000, 0x00000000c5827c08, 0x00000000c6000000| 75%| E|  |TAMS 0x00000000c4000000, 0x00000000c4000000| Complete 
|  35|0x00000000c6000000, 0x00000000c8000000, 0x00000000c8000000|100%| E|CS|TAMS 0x00000000c6000000, 0x00000000c6000000| Complete 

Card table byte_map: [0x0000027c48450000,0x0000027c48850000] _byte_map_base: 0x0000027c48050000

Marking Bits (Prev, Next): (CMBitMap*) 0x0000027c3539c7e0, (CMBitMap*) 0x0000027c3539c7a0
 Prev Bits: [0x0000027c4ac50000, 0x0000027c4cc50000)
 Next Bits: [0x0000027c48c50000, 0x0000027c4ac50000)

Polling page: 0x0000027c330c0000

Metaspace:

Usage:
  Non-class:     44.70 MB used.
      Class:      7.27 MB used.
       Both:     51.97 MB used.

Virtual space:
  Non-class space:       48.00 MB reserved,      45.00 MB ( 94%) committed,  6 nodes.
      Class space:        1.00 GB reserved,       7.50 MB ( <1%) committed,  1 nodes.
             Both:        1.05 GB reserved,      52.50 MB (  5%) committed. 

Chunk freelists:
   Non-Class:  2.16 MB
       Class:  522.00 KB
        Both:  2.67 MB

MaxMetaspaceSize: unlimited
CompressedClassSpaceSize: 1.00 GB
Initial GC threshold: 21.00 MB
Current GC threshold: 80.25 MB
CDS: off
MetaspaceReclaimPolicy: balanced
 - commit_granule_bytes: 65536.
 - commit_granule_words: 8192.
 - virtual_space_node_default_size: 1048576.
 - enlarge_chunks_in_place: 1.
 - new_chunks_are_fully_committed: 0.
 - uncommit_free_chunks: 1.
 - use_allocation_guard: 0.
 - handle_deallocations: 1.


Internal statistics:

num_allocs_failed_limit: 12.
num_arena_births: 750.
num_arena_deaths: 30.
num_vsnodes_births: 7.
num_vsnodes_deaths: 0.
num_space_committed: 837.
num_space_uncommitted: 0.
num_chunks_returned_to_freelist: 57.
num_chunks_taken_from_freelist: 2426.
num_chunk_merges: 31.
num_chunk_splits: 1587.
num_chunks_enlarged: 1155.
num_purges: 2.
num_inconsistent_stats: 0.

CodeHeap 'non-profiled nmethods': size=120000Kb used=3283Kb max_used=3283Kb free=116716Kb
 bounds [0x0000027c405d0000, 0x0000027c40910000, 0x0000027c47b00000]
CodeHeap 'profiled nmethods': size=120000Kb used=7651Kb max_used=8841Kb free=112348Kb
 bounds [0x0000027c390a0000, 0x0000027c39950000, 0x0000027c405d0000]
CodeHeap 'non-nmethods': size=5760Kb used=1812Kb max_used=1828Kb free=3947Kb
 bounds [0x0000027c38b00000, 0x0000027c38d70000, 0x0000027c390a0000]
 total_blobs=5899 nmethods=4608 adapters=1203
 compilation: enabled
              stopped_count=0, restarted_count=0
 full_count=0

Compilation events (20 events):
Event: 4.030 Thread 0x0000027c4f8da250 5661       3       com.mojang.datafixers.functions.PointFreeRule::rewriteOrNop (15 bytes)
Event: 4.030 Thread 0x0000027c4f8da250 nmethod 5661 0x0000027c3938d610 code [0x0000027c3938d800, 0x0000027c3938dd98]
Event: 4.030 Thread 0x0000027c4f8da250 5662       3       com.mojang.datafixers.functions.PointFreeRule::rewrite (24 bytes)
Event: 4.031 Thread 0x0000027c4f8d9c90 nmethod 5619 0x0000027c40901310 code [0x0000027c409014a0, 0x0000027c40901738]
Event: 4.031 Thread 0x0000027c4f8d9c90 5646       4       com.mojang.datafixers.optics.Optic$CompositionOptic::equals (63 bytes)
Event: 4.031 Thread 0x0000027c4f8da250 nmethod 5662 0x0000027c395d2090 code [0x0000027c395d2340, 0x0000027c395d3258]
Event: 4.031 Thread 0x0000027c4f8da250 5663       3       com.mojang.datafixers.View::getFuncType (12 bytes)
Event: 4.031 Thread 0x0000027c4f8da250 nmethod 5663 0x0000027c3938cd90 code [0x0000027c3938cf40, 0x0000027c3938d2d8]
Event: 4.032 Thread 0x0000027c4f8d9c90 nmethod 5646 0x0000027c40901910 code [0x0000027c40901aa0, 0x0000027c40901c38]
Event: 4.032 Thread 0x0000027c4f8d9c90 5630       4       java.util.regex.Pattern$BmpCharPredicate$$Lambda$11/0x00000001000e6648::is (15 bytes)
Event: 4.033 Thread 0x0000027c538f68c0 nmethod 5654 0x0000027c40901e10 code [0x0000027c40902020, 0x0000027c40902678]
Event: 4.033 Thread 0x0000027c538f68c0 5632       4       java.util.regex.Pattern$BmpCharPredicate::lambda$union$2 (26 bytes)
Event: 4.034 Thread 0x0000027c4f8da250 5666       3       sun.misc.Unsafe::putByte (9 bytes)
Event: 4.034 Thread 0x0000027c4f8da250 nmethod 5666 0x0000027c395d1b90 code [0x0000027c395d1d20, 0x0000027c395d1e98]
Event: 4.034 Thread 0x0000027c4f8da250 5667       3       jdk.internal.misc.Unsafe::putByte (8 bytes)
Event: 4.034 Thread 0x0000027c4f8da250 nmethod 5667 0x0000027c390a8a90 code [0x0000027c390a8c20, 0x0000027c390a8d38]
Event: 4.034 Thread 0x0000027c4f8d9c90 nmethod 5630 0x0000027c40903210 code [0x0000027c409033a0, 0x0000027c40903598]
Event: 4.034 Thread 0x0000027c4f8d9c90 5617       4       jdk.internal.org.objectweb.asm.Frame::execute (2305 bytes)
Event: 4.034 Thread 0x0000027c538f68c0 nmethod 5632 0x0000027c40903710 code [0x0000027c409038a0, 0x0000027c40903a18]
Event: 4.034 Thread 0x0000027c538f68c0 5637 %     4       sun.security.provider.SHA::implCompress0 @ 379 (506 bytes)

GC Heap History (20 events):
Event: 2.264 GC heap before
{Heap before GC invocations=10 (full 0):
 garbage-first heap   total 524288K, used 134094K [0x0000000080000000, 0x0000000100000000)
  region size 32768K, 3 young (98304K), 1 survivors (32768K)
 Metaspace       used 34531K, committed 34880K, reserved 1081344K
  class space    used 3997K, committed 4160K, reserved 1048576K
}
Event: 2.274 GC heap after
{Heap after GC invocations=11 (full 0):
 garbage-first heap   total 524288K, used 76604K [0x0000000080000000, 0x0000000100000000)
  region size 32768K, 1 young (32768K), 1 survivors (32768K)
 Metaspace       used 34531K, committed 34880K, reserved 1081344K
  class space    used 3997K, committed 4160K, reserved 1048576K
}
Event: 2.372 GC heap before
{Heap before GC invocations=11 (full 0):
 garbage-first heap   total 524288K, used 76604K [0x0000000080000000, 0x0000000100000000)
  region size 32768K, 2 young (65536K), 1 survivors (32768K)
 Metaspace       used 35776K, committed 36160K, reserved 1081344K
  class space    used 4229K, committed 4416K, reserved 1048576K
}
Event: 2.380 GC heap after
{Heap after GC invocations=12 (full 0):
 garbage-first heap   total 524288K, used 80663K [0x0000000080000000, 0x0000000100000000)
  region size 32768K, 1 young (32768K), 1 survivors (32768K)
 Metaspace       used 35776K, committed 36160K, reserved 1081344K
  class space    used 4229K, committed 4416K, reserved 1048576K
}
Event: 2.945 GC heap before
{Heap before GC invocations=13 (full 0):
 garbage-first heap   total 458752K, used 211735K [0x0000000080000000, 0x0000000100000000)
  region size 32768K, 5 young (163840K), 1 survivors (32768K)
 Metaspace       used 44823K, committed 45248K, reserved 1089536K
  class space    used 6030K, committed 6208K, reserved 1048576K
}
Event: 2.964 GC heap after
{Heap after GC invocations=14 (full 0):
 garbage-first heap   total 458752K, used 104829K [0x0000000080000000, 0x0000000100000000)
  region size 32768K, 1 young (32768K), 1 survivors (32768K)
 Metaspace       used 44823K, committed 45248K, reserved 1089536K
  class space    used 6030K, committed 6208K, reserved 1048576K
}
Event: 2.999 GC heap before
{Heap before GC invocations=14 (full 0):
 garbage-first heap   total 458752K, used 137597K [0x0000000080000000, 0x0000000100000000)
  region size 32768K, 2 young (65536K), 1 survivors (32768K)
 Metaspace       used 45199K, committed 45632K, reserved 1089536K
  class space    used 6072K, committed 6272K, reserved 1048576K
}
Event: 3.027 GC heap after
{Heap after GC invocations=15 (full 0):
 garbage-first heap   total 753664K, used 105866K [0x0000000080000000, 0x0000000100000000)
  region size 32768K, 1 young (32768K), 1 survivors (32768K)
 Metaspace       used 45199K, committed 45632K, reserved 1089536K
  class space    used 6072K, committed 6272K, reserved 1048576K
}
Event: 3.205 GC heap before
{Heap before GC invocations=15 (full 0):
 garbage-first heap   total 753664K, used 204170K [0x0000000080000000, 0x0000000100000000)
  region size 32768K, 4 young (131072K), 1 survivors (32768K)
 Metaspace       used 47029K, committed 47488K, reserved 1097728K
  class space    used 6436K, committed 6656K, reserved 1048576K
}
Event: 3.215 GC heap after
{Heap after GC invocations=16 (full 0):
 garbage-first heap   total 753664K, used 114912K [0x0000000080000000, 0x0000000100000000)
  region size 32768K, 1 young (32768K), 1 survivors (32768K)
 Metaspace       used 47029K, committed 47488K, reserved 1097728K
  class space    used 6436K, committed 6656K, reserved 1048576K
}
Event: 3.493 GC heap before
{Heap before GC invocations=16 (full 0):
 garbage-first heap   total 753664K, used 213216K [0x0000000080000000, 0x0000000100000000)
  region size 32768K, 4 young (131072K), 1 survivors (32768K)
 Metaspace       used 48457K, committed 48960K, reserved 1097728K
  class space    used 6691K, committed 6912K, reserved 1048576K
}
Event: 3.507 GC heap after
{Heap after GC invocations=17 (full 0):
 garbage-first heap   total 753664K, used 128345K [0x0000000080000000, 0x0000000100000000)
  region size 32768K, 1 young (32768K), 1 survivors (32768K)
 Metaspace       used 48457K, committed 48960K, reserved 1097728K
  class space    used 6691K, committed 6912K, reserved 1048576K
}
Event: 3.608 GC heap before
{Heap before GC invocations=18 (full 0):
 garbage-first heap   total 655360K, used 226649K [0x0000000080000000, 0x0000000100000000)
  region size 32768K, 4 young (131072K), 1 survivors (32768K)
 Metaspace       used 49129K, committed 49600K, reserved 1097728K
  class space    used 6803K, committed 7040K, reserved 1048576K
}
Event: 3.626 GC heap after
{Heap after GC invocations=19 (full 0):
 garbage-first heap   total 655360K, used 141123K [0x0000000080000000, 0x0000000100000000)
  region size 32768K, 1 young (32768K), 1 survivors (32768K)
 Metaspace       used 49129K, committed 49600K, reserved 1097728K
  class space    used 6803K, committed 7040K, reserved 1048576K
}
Event: 3.712 GC heap before
{Heap before GC invocations=19 (full 0):
 garbage-first heap   total 655360K, used 239427K [0x0000000080000000, 0x0000000100000000)
  region size 32768K, 4 young (131072K), 1 survivors (32768K)
 Metaspace       used 50125K, committed 50624K, reserved 1097728K
  class space    used 6984K, committed 7168K, reserved 1048576K
}
Event: 3.731 GC heap after
{Heap after GC invocations=20 (full 0):
 garbage-first heap   total 655360K, used 154915K [0x0000000080000000, 0x0000000100000000)
  region size 32768K, 1 young (32768K), 1 survivors (32768K)
 Metaspace       used 50125K, committed 50624K, reserved 1097728K
  class space    used 6984K, committed 7168K, reserved 1048576K
}
Event: 3.855 GC heap before
{Heap before GC invocations=20 (full 0):
 garbage-first heap   total 655360K, used 285987K [0x0000000080000000, 0x0000000100000000)
  region size 32768K, 5 young (163840K), 1 survivors (32768K)
 Metaspace       used 51578K, committed 52096K, reserved 1097728K
  class space    used 7265K, committed 7488K, reserved 1048576K
}
Event: 3.876 GC heap after
{Heap after GC invocations=21 (full 0):
 garbage-first heap   total 655360K, used 172218K [0x0000000080000000, 0x0000000100000000)
  region size 32768K, 1 young (32768K), 1 survivors (32768K)
 Metaspace       used 51578K, committed 52096K, reserved 1097728K
  class space    used 7265K, committed 7488K, reserved 1048576K
}
Event: 3.997 GC heap before
{Heap before GC invocations=21 (full 0):
 garbage-first heap   total 655360K, used 336058K [0x0000000080000000, 0x0000000100000000)
  region size 32768K, 6 young (196608K), 1 survivors (32768K)
 Metaspace       used 52989K, committed 53504K, reserved 1097728K
  class space    used 7441K, committed 7680K, reserved 1048576K
}
Event: 4.021 GC heap after
{Heap after GC invocations=22 (full 0):
 garbage-first heap   total 1179648K, used 185290K [0x0000000080000000, 0x0000000100000000)
  region size 32768K, 1 young (32768K), 1 survivors (32768K)
 Metaspace       used 52989K, committed 53504K, reserved 1097728K
  class space    used 7441K, committed 7680K, reserved 1048576K
}

Deoptimization events (20 events):
Event: 4.031 Thread 0x0000027c3536aa40 DEOPT PACKING pc=0x0000027c393a51ba sp=0x000000a32c8fac60
Event: 4.031 Thread 0x0000027c3536aa40 DEOPT UNPACKING pc=0x0000027c38b52b43 sp=0x000000a32c8fa0d8 mode 0
Event: 4.031 Thread 0x0000027c3536aa40 DEOPT PACKING pc=0x0000027c393a51ba sp=0x000000a32c8fac60
Event: 4.031 Thread 0x0000027c3536aa40 DEOPT UNPACKING pc=0x0000027c38b52b43 sp=0x000000a32c8fa0d8 mode 0
Event: 4.031 Thread 0x0000027c3536aa40 DEOPT PACKING pc=0x0000027c393a51ba sp=0x000000a32c8fac60
Event: 4.031 Thread 0x0000027c3536aa40 DEOPT UNPACKING pc=0x0000027c38b52b43 sp=0x000000a32c8fa0d8 mode 0
Event: 4.032 Thread 0x0000027c3536aa40 DEOPT PACKING pc=0x0000027c393a51ba sp=0x000000a32c8fac60
Event: 4.032 Thread 0x0000027c3536aa40 DEOPT UNPACKING pc=0x0000027c38b52b43 sp=0x000000a32c8fa0d8 mode 0
Event: 4.032 Thread 0x0000027c3536aa40 DEOPT PACKING pc=0x0000027c393a51ba sp=0x000000a32c8fac60
Event: 4.032 Thread 0x0000027c3536aa40 DEOPT UNPACKING pc=0x0000027c38b52b43 sp=0x000000a32c8fa0d8 mode 0
Event: 4.032 Thread 0x0000027c3536aa40 DEOPT PACKING pc=0x0000027c393a51ba sp=0x000000a32c8fac60
Event: 4.032 Thread 0x0000027c3536aa40 DEOPT UNPACKING pc=0x0000027c38b52b43 sp=0x000000a32c8fa0d8 mode 0
Event: 4.032 Thread 0x0000027c3536aa40 DEOPT PACKING pc=0x0000027c393a51ba sp=0x000000a32c8fac60
Event: 4.032 Thread 0x0000027c3536aa40 DEOPT UNPACKING pc=0x0000027c38b52b43 sp=0x000000a32c8fa0d8 mode 0
Event: 4.033 Thread 0x0000027c3536aa40 DEOPT PACKING pc=0x0000027c393a51ba sp=0x000000a32c8fac60
Event: 4.033 Thread 0x0000027c3536aa40 DEOPT UNPACKING pc=0x0000027c38b52b43 sp=0x000000a32c8fa0d8 mode 0
Event: 4.033 Thread 0x0000027c3536aa40 DEOPT PACKING pc=0x0000027c393a51ba sp=0x000000a32c8fac60
Event: 4.033 Thread 0x0000027c3536aa40 DEOPT UNPACKING pc=0x0000027c38b52b43 sp=0x000000a32c8fa0d8 mode 0
Event: 4.038 Thread 0x0000027c53f21cd0 DEOPT PACKING pc=0x0000027c3941f05d sp=0x000000a32fcfdb90
Event: 4.038 Thread 0x0000027c53f21cd0 DEOPT UNPACKING pc=0x0000027c38b52b43 sp=0x000000a32fcfd078 mode 0

Classes unloaded (15 events):
Event: 3.533 Thread 0x0000027c4f8797c0 Unloading class 0x00000001004e9800 'java/lang/invoke/LambdaForm$DMH+0x00000001004e9800'
Event: 3.533 Thread 0x0000027c4f8797c0 Unloading class 0x00000001004e9400 'java/lang/invoke/LambdaForm$DMH+0x00000001004e9400'
Event: 3.533 Thread 0x0000027c4f8797c0 Unloading class 0x00000001004e9000 'java/lang/invoke/LambdaForm$DMH+0x00000001004e9000'
Event: 3.533 Thread 0x0000027c4f8797c0 Unloading class 0x00000001004e8c00 'java/lang/invoke/LambdaForm$DMH+0x00000001004e8c00'
Event: 3.533 Thread 0x0000027c4f8797c0 Unloading class 0x00000001004e8800 'java/lang/invoke/LambdaForm$DMH+0x00000001004e8800'
Event: 3.533 Thread 0x0000027c4f8797c0 Unloading class 0x00000001004e8400 'java/lang/invoke/LambdaForm$DMH+0x00000001004e8400'
Event: 3.533 Thread 0x0000027c4f8797c0 Unloading class 0x00000001004e8000 'java/lang/invoke/LambdaForm$DMH+0x00000001004e8000'
Event: 3.533 Thread 0x0000027c4f8797c0 Unloading class 0x00000001004e6c00 'java/lang/invoke/LambdaForm$DMH+0x00000001004e6c00'
Event: 3.533 Thread 0x0000027c4f8797c0 Unloading class 0x00000001004e6800 'java/lang/invoke/LambdaForm$DMH+0x00000001004e6800'
Event: 3.533 Thread 0x0000027c4f8797c0 Unloading class 0x00000001004e5c00 'java/lang/invoke/LambdaForm$DMH+0x00000001004e5c00'
Event: 3.533 Thread 0x0000027c4f8797c0 Unloading class 0x00000001004e6000 'java/lang/invoke/LambdaForm$DMH+0x00000001004e6000'
Event: 3.533 Thread 0x0000027c4f8797c0 Unloading class 0x00000001004e5400 'java/lang/invoke/LambdaForm$DMH+0x00000001004e5400'
Event: 3.533 Thread 0x0000027c4f8797c0 Unloading class 0x00000001004e5800 'java/lang/invoke/LambdaForm$DMH+0x00000001004e5800'
Event: 3.533 Thread 0x0000027c4f8797c0 Unloading class 0x00000001004e5000 'java/lang/invoke/LambdaForm$DMH+0x00000001004e5000'
Event: 3.533 Thread 0x0000027c4f8797c0 Unloading class 0x00000001004e4c00 'java/lang/invoke/LambdaForm$DMH+0x00000001004e4c00'

Classes redefined (0 events):
No events

Internal exceptions (20 events):
Event: 3.574 Thread 0x0000027c53f251c0 Implicit null exception at 0x0000027c408ceb8c to 0x0000027c408cf05c
Event: 3.574 Thread 0x0000027c53f26030 Implicit null exception at 0x0000027c408ceb8c to 0x0000027c408cf05c
Event: 3.574 Thread 0x0000027c53f21cd0 Implicit null exception at 0x0000027c408ceb8c to 0x0000027c408cf05c
Event: 3.644 Thread 0x0000027c3536aa40 Exception <a 'java/lang/NoSuchMethodError'{0x00000000ad52bae0}: 'void java.lang.invoke.DirectMethodHandle$Holder.invokeStaticInit(java.lang.Object, java.lang.Object, java.lang.Object, java.lang.Object, java.lang.Object, java.lang.Object)'> (0x00000000ad52bae0) 
thrown [d:\a\1\jdk\src\hotspot\share\interpreter\linkResolver.cpp, line 766]
Event: 3.645 Thread 0x0000027c3536aa40 Exception <a 'java/lang/NoSuchMethodError'{0x00000000ad531a08}: 'java.lang.Object java.lang.invoke.DirectMethodHandle$Holder.invokeStatic(java.lang.Object, java.lang.Object, java.lang.Object, java.lang.Object, java.lang.Object, java.lang.Object, java.lang.Object, java.lang.Object, java.lang.Object, java.lang.Object, int)'> (0x00000000ad531a08) 
thrown [d:\a\1\jdk\src\hotspot\share\interpreter\linkResolver.cpp, line 766]
Event: 3.646 Thread 0x0000027c3536aa40 Exception <a 'java/lang/NoSuchMethodError'{0x00000000ad535ff0}: 'java.lang.Object java.lang.invoke.DirectMethodHandle$Holder.invokeStaticInit(java.lang.Object, java.lang.Object, java.lang.Object, java.lang.Object, java.lang.Object, java.lang.Object, java.lang.Object, java.lang.Object, java.lang.Object, java.lang.Object, int)'> (0x00000000ad535ff0) 
thrown [d:\a\1\jdk\src\hotspot\share\interpreter\linkResolver.cpp, line 766]
Event: 3.750 Thread 0x0000027c53f24cf0 Implicit null exception at 0x0000027c4072740a to 0x0000027c407280a8
Event: 3.750 Thread 0x0000027c53f24cf0 Implicit null exception at 0x0000027c4072e4d7 to 0x0000027c4072e654
Event: 3.807 Thread 0x0000027c3536aa40 Exception <a 'java/lang/NoSuchMethodError'{0x00000000a338dd88}: 'long java.lang.invoke.DirectMethodHandle$Holder.invokeStaticInit(java.lang.Object, float)'> (0x00000000a338dd88) 
thrown [d:\a\1\jdk\src\hotspot\share\interpreter\linkResolver.cpp, line 766]
Event: 3.808 Thread 0x0000027c3536aa40 Exception <a 'java/lang/NoSuchMethodError'{0x00000000a3393c60}: 'float java.lang.invoke.DirectMethodHandle$Holder.invokeStatic(java.lang.Object, long)'> (0x00000000a3393c60) 
thrown [d:\a\1\jdk\src\hotspot\share\interpreter\linkResolver.cpp, line 766]
Event: 3.808 Thread 0x0000027c3536aa40 Exception <a 'java/lang/NoSuchMethodError'{0x00000000a3397128}: 'float java.lang.invoke.DirectMethodHandle$Holder.invokeStaticInit(java.lang.Object, long)'> (0x00000000a3397128) 
thrown [d:\a\1\jdk\src\hotspot\share\interpreter\linkResolver.cpp, line 766]
Event: 3.808 Thread 0x0000027c3536aa40 Exception <a 'java/lang/NoSuchMethodError'{0x00000000a339f9e0}: 'java.lang.Object java.lang.invoke.DirectMethodHandle$Holder.newInvokeSpecial(java.lang.Object, java.lang.Object, java.lang.Object, java.lang.Object, java.lang.Object, java.lang.Object, java.lang.Object, long)'> (0x00000000a339f9e0) 
thrown [d:\a\1\jdk\src\hotspot\share\interpreter\linkResolver.cpp, line 766]
Event: 3.815 Thread 0x0000027c3536aa40 Exception <a 'java/lang/NoSuchMethodError'{0x00000000a3701a70}: 'java.lang.Object java.lang.invoke.DirectMethodHandle$Holder.newInvokeSpecial(java.lang.Object, java.lang.Object, long)'> (0x00000000a3701a70) 
thrown [d:\a\1\jdk\src\hotspot\share\interpreter\linkResolver.cpp, line 766]
Event: 3.817 Thread 0x0000027c3536aa40 Exception <a 'java/lang/NoSuchMethodError'{0x00000000a39ac418}: 'java.lang.Object java.lang.invoke.DirectMethodHandle$Holder.newInvokeSpecial(java.lang.Object, java.lang.Object, java.lang.Object, long, java.lang.Object)'> (0x00000000a39ac418) 
thrown [d:\a\1\jdk\src\hotspot\share\interpreter\linkResolver.cpp, line 766]
Event: 3.821 Thread 0x0000027c3536aa40 Exception <a 'java/lang/NoSuchMethodError'{0x00000000a39e50a8}: 'java.lang.Object java.lang.invoke.DirectMethodHandle$Holder.newInvokeSpecial(java.lang.Object, java.lang.Object, java.lang.Object, java.lang.Object, int, int, java.lang.Object)'> (0x00000000a39e50a8) 
thrown [d:\a\1\jdk\src\hotspot\share\interpreter\linkResolver.cpp, line 766]
Event: 3.941 Thread 0x0000027c3536aa40 Exception <a 'java/io/IOException'{0x00000000a2378b08}> (0x00000000a2378b08) 
thrown [d:\a\1\jdk\src\hotspot\share\prims\jni.cpp, line 516]
Event: 3.941 Thread 0x0000027c3536aa40 Exception <a 'java/io/IOException'{0x00000000a2378e18}> (0x00000000a2378e18) 
thrown [d:\a\1\jdk\src\hotspot\share\prims\jni.cpp, line 516]
Event: 3.955 Thread 0x0000027c3536aa40 Implicit null exception at 0x0000027c406c6a20 to 0x0000027c406c6f44
Event: 3.955 Thread 0x0000027c3536aa40 Implicit null exception at 0x0000027c4080ae74 to 0x0000027c4080c18c
Event: 3.955 Thread 0x0000027c3536aa40 Implicit null exception at 0x0000027c406be5ef to 0x0000027c406bef20

VM Operations (20 events):
Event: 3.461 Executing VM operation: ICBufferFull
Event: 3.477 Executing VM operation: ICBufferFull done
Event: 3.477 Executing VM operation: G1CollectForAllocation
Event: 3.508 Executing VM operation: G1CollectForAllocation done
Event: 3.532 Executing VM operation: G1Concurrent
Event: 3.536 Executing VM operation: G1Concurrent done
Event: 3.576 Executing VM operation: G1Concurrent
Event: 3.576 Executing VM operation: G1Concurrent done
Event: 3.608 Executing VM operation: G1CollectForAllocation
Event: 3.626 Executing VM operation: G1CollectForAllocation done
Event: 3.712 Executing VM operation: G1CollectForAllocation
Event: 3.731 Executing VM operation: G1CollectForAllocation done
Event: 3.855 Executing VM operation: G1CollectForAllocation
Event: 3.877 Executing VM operation: G1CollectForAllocation done
Event: 3.981 Executing VM operation: ICBufferFull
Event: 3.986 Executing VM operation: ICBufferFull done
Event: 3.991 Executing VM operation: HandshakeAllThreads
Event: 3.994 Executing VM operation: HandshakeAllThreads done
Event: 3.997 Executing VM operation: G1CollectForAllocation
Event: 4.022 Executing VM operation: G1CollectForAllocation done

Events (20 events):
Event: 3.967 loading class sun/nio/ch/Util$BufferCache
Event: 3.967 loading class sun/nio/ch/Util$BufferCache done
Event: 3.967 loading class java/nio/DirectByteBuffer$Deallocator
Event: 3.967 loading class java/nio/DirectByteBuffer$Deallocator done
Event: 3.967 loading class sun/nio/ch/IOStatus
Event: 3.967 loading class sun/nio/ch/IOStatus done
Event: 3.979 loading class java/nio/DirectShortBufferU
Event: 3.979 loading class java/nio/DirectShortBufferU done
Event: 3.980 loading class java/nio/DirectCharBufferU
Event: 3.980 loading class java/nio/DirectCharBufferU done
Event: 3.980 loading class java/nio/DirectFloatBufferU
Event: 3.980 loading class java/nio/DirectFloatBufferU done
Event: 3.980 loading class java/nio/DirectDoubleBufferU
Event: 3.980 loading class java/nio/DirectDoubleBufferU done
Event: 3.990 loading class java/nio/BufferOverflowException
Event: 3.990 loading class java/nio/BufferOverflowException done
Event: 3.990 loading class java/nio/InvalidMarkException
Event: 3.990 loading class java/nio/InvalidMarkException done
Event: 3.994 loading class java/nio/BufferUnderflowException
Event: 3.994 loading class java/nio/BufferUnderflowException done


Dynamic libraries:
0x00007ff666750000 - 0x00007ff66675e000 	C:\Users\user\Projects\Programming\OfflineMC\OfflineMinecraft\java\windows\java-runtime-beta\bin\javaw.exe
0x00007ffc89b90000 - 0x00007ffc89d85000 	C:\Windows\SYSTEM32\ntdll.dll
0x00007ffc88600000 - 0x00007ffc886bd000 	C:\Windows\System32\KERNEL32.DLL
0x00007ffc87300000 - 0x00007ffc875c9000 	C:\Windows\System32\KERNELBASE.dll
0x00007ffc87890000 - 0x00007ffc87990000 	C:\Windows\System32\ucrtbase.dll
0x00007ffc82000000 - 0x00007ffc8201b000 	C:\Users\user\Projects\Programming\OfflineMC\OfflineMinecraft\java\windows\java-runtime-beta\bin\VCRUNTIME140.dll
0x00007ffc82020000 - 0x00007ffc82038000 	C:\Users\user\Projects\Programming\OfflineMC\OfflineMinecraft\java\windows\java-runtime-beta\bin\jli.dll
0x00007ffc899b0000 - 0x00007ffc89b50000 	C:\Windows\System32\USER32.dll
0x00007ffc872d0000 - 0x00007ffc872f2000 	C:\Windows\System32\win32u.dll
0x00007ffc759c0000 - 0x00007ffc75c5a000 	C:\Windows\WinSxS\amd64_microsoft.windows.common-controls_6595b64144ccf1df_6.0.19041.1110_none_60b5254171f9507e\COMCTL32.dll
0x00007ffc88890000 - 0x00007ffc888ba000 	C:\Windows\System32\GDI32.dll
0x00007ffc87fa0000 - 0x00007ffc8803e000 	C:\Windows\System32\msvcrt.dll
0x00007ffc879c0000 - 0x00007ffc87acb000 	C:\Windows\System32\gdi32full.dll
0x00007ffc87ad0000 - 0x00007ffc87b6d000 	C:\Windows\System32\msvcp_win.dll
0x00007ffc886c0000 - 0x00007ffc886f0000 	C:\Windows\System32\IMM32.DLL
0x00007ffc80e70000 - 0x00007ffc80e7c000 	C:\Users\user\Projects\Programming\OfflineMC\OfflineMinecraft\java\windows\java-runtime-beta\bin\vcruntime140_1.dll
0x00007ffc6a7c0000 - 0x00007ffc6a84d000 	C:\Users\user\Projects\Programming\OfflineMC\OfflineMinecraft\java\windows\java-runtime-beta\bin\msvcp140.dll
0x00007ffc28b90000 - 0x00007ffc297e9000 	C:\Users\user\Projects\Programming\OfflineMC\OfflineMinecraft\java\windows\java-runtime-beta\bin\server\jvm.dll
0x00007ffc89900000 - 0x00007ffc899ac000 	C:\Windows\System32\ADVAPI32.dll
0x00007ffc886f0000 - 0x00007ffc8878b000 	C:\Windows\System32\sechost.dll
0x00007ffc87e10000 - 0x00007ffc87f3a000 	C:\Windows\System32\RPCRT4.dll
0x00007ffc89830000 - 0x00007ffc89838000 	C:\Windows\System32\PSAPI.DLL
0x00007ffc7c950000 - 0x00007ffc7c959000 	C:\Windows\SYSTEM32\WSOCK32.dll
0x00007ffc77f40000 - 0x00007ffc77f67000 	C:\Windows\SYSTEM32\WINMM.dll
0x00007ffc81040000 - 0x00007ffc8104a000 	C:\Windows\SYSTEM32\VERSION.dll
0x00007ffc897c0000 - 0x00007ffc8982b000 	C:\Windows\System32\WS2_32.dll
0x00007ffc85b90000 - 0x00007ffc85ba2000 	C:\Windows\SYSTEM32\kernel.appcore.dll
0x00007ffc801d0000 - 0x00007ffc801da000 	C:\Users\user\Projects\Programming\OfflineMC\OfflineMinecraft\java\windows\java-runtime-beta\bin\jimage.dll
0x00007ffc84e80000 - 0x00007ffc85064000 	C:\Windows\SYSTEM32\DBGHELP.DLL
0x00007ffc5a200000 - 0x00007ffc5a22c000 	C:\Windows\SYSTEM32\dbgcore.DLL
0x00007ffc87b70000 - 0x00007ffc87bf3000 	C:\Windows\System32\bcryptPrimitives.dll
0x00007ffc6a790000 - 0x00007ffc6a7b5000 	C:\Users\user\Projects\Programming\OfflineMC\OfflineMinecraft\java\windows\java-runtime-beta\bin\java.dll
0x00007ffc73ac0000 - 0x00007ffc73ad8000 	C:\Users\user\Projects\Programming\OfflineMC\OfflineMinecraft\java\windows\java-runtime-beta\bin\zip.dll
0x00007ffc42b20000 - 0x00007ffc42bf6000 	C:\Users\user\Projects\Programming\OfflineMC\OfflineMinecraft\java\windows\java-runtime-beta\bin\svml.dll
0x00007ffc889f0000 - 0x00007ffc8912f000 	C:\Windows\System32\SHELL32.dll
0x00007ffc853e0000 - 0x00007ffc85b71000 	C:\Windows\SYSTEM32\windows.storage.dll
0x00007ffc89400000 - 0x00007ffc89755000 	C:\Windows\System32\combase.dll
0x00007ffc86d40000 - 0x00007ffc86d6c000 	C:\Windows\SYSTEM32\Wldp.dll
0x00007ffc88040000 - 0x00007ffc880ee000 	C:\Windows\System32\SHCORE.dll
0x00007ffc89760000 - 0x00007ffc897b5000 	C:\Windows\System32\shlwapi.dll
0x00007ffc87210000 - 0x00007ffc8722f000 	C:\Windows\SYSTEM32\profapi.dll
0x00007ffc6a770000 - 0x00007ffc6a789000 	C:\Users\user\Projects\Programming\OfflineMC\OfflineMinecraft\java\windows\java-runtime-beta\bin\net.dll
0x00007ffc7f080000 - 0x00007ffc7f18a000 	C:\Windows\SYSTEM32\WINHTTP.dll
0x00007ffc86aa0000 - 0x00007ffc86b0a000 	C:\Windows\system32\mswsock.dll
0x00007ffc5a8d0000 - 0x00007ffc5a8e6000 	C:\Users\user\Projects\Programming\OfflineMC\OfflineMinecraft\java\windows\java-runtime-beta\bin\nio.dll
0x00007ffc77940000 - 0x00007ffc77949000 	C:\Users\user\Projects\Programming\OfflineMC\OfflineMinecraft\java\windows\java-runtime-beta\bin\management.dll
0x00007ffc6a760000 - 0x00007ffc6a76b000 	C:\Users\user\Projects\Programming\OfflineMC\OfflineMinecraft\java\windows\java-runtime-beta\bin\management_ext.dll
0x00007ffc5c230000 - 0x00007ffc5c247000 	C:\Windows\system32\napinsp.dll
0x00007ffc5c210000 - 0x00007ffc5c22b000 	C:\Windows\system32\pnrpnsp.dll
0x00007ffc5c1f0000 - 0x00007ffc5c205000 	C:\Windows\system32\wshbth.dll
0x00007ffc832e0000 - 0x00007ffc832fd000 	C:\Windows\system32\NLAapi.dll
0x00007ffc86740000 - 0x00007ffc8677b000 	C:\Windows\SYSTEM32\IPHLPAPI.DLL
0x00007ffc86790000 - 0x00007ffc8685c000 	C:\Windows\SYSTEM32\DNSAPI.dll
0x00007ffc88790000 - 0x00007ffc88798000 	C:\Windows\System32\NSI.dll
0x00007ffc5c140000 - 0x00007ffc5c152000 	C:\Windows\System32\winrnr.dll
0x00007ffc7ef60000 - 0x00007ffc7ef6a000 	C:\Windows\System32\rasadhlp.dll
0x00007ffc7d860000 - 0x00007ffc7d8df000 	C:\Windows\System32\fwpuclnt.dll
0x00007ffc87990000 - 0x00007ffc879b7000 	C:\Windows\System32\bcrypt.dll
0x00007ffc86c80000 - 0x00007ffc86c98000 	C:\Windows\SYSTEM32\CRYPTSP.dll
0x00007ffc863d0000 - 0x00007ffc86404000 	C:\Windows\system32\rsaenh.dll
0x00007ffc871d0000 - 0x00007ffc871fe000 	C:\Windows\SYSTEM32\USERENV.dll
0x00007ffc86ca0000 - 0x00007ffc86cac000 	C:\Windows\SYSTEM32\CRYPTBASE.dll
0x00007ffc81470000 - 0x00007ffc81487000 	C:\Windows\SYSTEM32\dhcpcsvc6.DLL
0x00007ffc81420000 - 0x00007ffc8143d000 	C:\Windows\SYSTEM32\dhcpcsvc.DLL
0x00007ffc4d8e0000 - 0x00007ffc4d924000 	C:\Users\user\AppData\Local\Temp\jna-3254239\jna16123941557694279953.dll
0x00007ffc888c0000 - 0x00007ffc889ea000 	C:\Windows\System32\Ole32.dll
0x00007ffc87d60000 - 0x00007ffc87e09000 	C:\Windows\System32\clbcatq.dll
0x00007ffc87c90000 - 0x00007ffc87d5d000 	C:\Windows\System32\OleAut32.dll
0x00007ffc6cfb0000 - 0x00007ffc6cfc9000 	C:\Windows\SYSTEM32\amsi.dll
0x00007ffc51510000 - 0x00007ffc51564000 	C:\Windows\SYSTEM32\Pdh.dll
0x00007ffc6a720000 - 0x00007ffc6a72f000 	C:\Windows\System32\perfos.dll
0x00007ffc49d70000 - 0x00007ffc49de2000 	C:\Users\user\Projects\Programming\OfflineMC\OfflineMinecraftPycharm\temp\natives\lwjgl.dll
0x00007ffc2e230000 - 0x00007ffc2e481000 	C:\Users\user\Projects\Programming\OfflineMC\OfflineMinecraftPycharm\temp\natives\jemalloc.dll

dbghelp: loaded successfully - version: 4.0.5 - missing functions: none
symbol engine: initialized successfully - sym options: 0x614 - pdb path: .;C:\Users\user\Projects\Programming\OfflineMC\OfflineMinecraft\java\windows\java-runtime-beta\bin;C:\Windows\SYSTEM32;C:\Windows\WinSxS\amd64_microsoft.windows.common-controls_6595b64144ccf1df_6.0.19041.1110_none_60b5254171f9507e;C:\Users\user\Projects\Programming\OfflineMC\OfflineMinecraft\java\windows\java-runtime-beta\bin\server;C:\Users\user\AppData\Local\Temp\jna-3254239;C:\Users\user\Projects\Programming\OfflineMC\OfflineMinecraftPycharm\temp\natives

VM Arguments:
jvm_args: -Dlog4j.configurationFile=C:\Users\user\PycharmProjects\Mcdownloader_pycharm\data\minecraft/versions\1.18.1\assets/log_configs\client-1.12.xml -Dos.name=Windows 10 -Dos.version=10.0 -Djava.library.path=temp/natives -Dminecraft.launcher.brand=OfflineMC -Dminecraft.launcher.version=0.0.1 -Xmx2G -XX:+UnlockExperimentalVMOptions -XX:+UseG1GC -XX:G1NewSizePercent=20 -XX:G1ReservePercent=20 -XX:MaxGCPauseMillis=50 -XX:G1HeapRegionSize=32M 
java_command: net.minecraft.client.main.Main --username herobrine --version 1.18.1 --gameDir C:\Users\user\Games\Minecraft Launcher\1.7.10 --assetsDir C:\Users\user\PycharmProjects\Mcdownloader_pycharm\data\minecraft/versions\1.18.1\assets --assetIndex 1.18.1 --uuid  --accessToken  --clientId  --xuid  --userType  --versionType --width 800 --height 600
java_class_path (initial): C:\Users\user\PycharmProjects\Mcdownloader_pycharm\data\libs/libraries\com/mojang/blocklist/1.0.6/blocklist-1.0.6.jar;C:\Users\user\PycharmProjects\Mcdownloader_pycharm\data\libs/libraries\com/mojang/patchy/2.1.6/patchy-2.1.6.jar;C:\Users\user\PycharmProjects\Mcdownloader_pycharm\data\libs/libraries\com/github/oshi/oshi-core/5.8.2/oshi-core-5.8.2.jar;C:\Users\user\PycharmProjects\Mcdownloader_pycharm\data\libs/libraries\net/java/dev/jna/jna/5.9.0/jna-5.9.0.jar;C:\Users\user\PycharmProjects\Mcdownloader_pycharm\data\libs/libraries\net/java/dev/jna/jna-platform/5.9.0/jna-platform-5.9.0.jar;C:\Users\user\PycharmProjects\Mcdownloader_pycharm\data\libs/libraries\org/slf4j/slf4j-api/1.8.0-beta4/slf4j-api-1.8.0-beta4.jar;C:\Users\user\PycharmProjects\Mcdownloader_pycharm\data\libs/libraries\org/apache/logging/log4j/log4j-slf4j18-impl/2.14.1/log4j-slf4j18-impl-2.14.1.jar;C:\Users\user\PycharmProjects\Mcdownloader_pycharm\data\libs/libraries\com/ibm/icu/icu4j/69.1/icu4j-69.1.jar;C:\Users\user\PycharmProjects\Mcdownloader_pycharm\data\libs/libraries\com/mojang/javabridge/1.2.24/javabridge-1.2.24.jar;C:\Users\user\PycharmProjects\Mcdownloader_pycharm\data\libs/libraries\net/sf/jopt-simple/jopt-simple/5.0.4/jopt-simple-5.0.4.jar;C:\Users\user\PycharmProjects\Mcdownloader_pycharm\data\libs/libraries\io/netty/netty-all/4.1.68.Final/netty-all-4.1.68.Final.jar;C:\Users\user\PycharmProjects\Mcdownloader_pycharm\data\libs/libraries\com/google/guava/failureaccess/1.0.1/failureaccess-1.0.1.jar;C:\Users\user\PycharmProjects\Mcdownloader_pycharm\data\libs/libraries\com/google/guava/guava/31.0.1-jre/guava-31.0.1-jre.jar;C:\Users\user\PycharmProjects\Mcdownloader_pycharm\data\libs/libraries\org/apache/commons/commons-lang3/3.12.0/commons-lang3-3.12.0.jar;C:\Users\user\PycharmProjects\Mcdownloader_pycharm\data\libs/libraries\commons-io/commons-io/2.11.0/commons-io-2.11.0.jar;C:\Users\user\PycharmProjects\Mcdownloader_pycharm\data\libs/libraries\commons-codec/com
Launcher Type: SUN_STANDARD

[Global flags]
     intx CICompilerCount                          = 4                                         {product} {ergonomic}
     uint ConcGCThreads                            = 3                                         {product} {ergonomic}
     uint G1ConcRefinementThreads                  = 10                                        {product} {ergonomic}
     uint G1EagerReclaimRemSetThreshold            = 256                                  {experimental} {ergonomic}
   size_t G1HeapRegionSize                         = 33554432                                  {product} {command line}
    uintx G1NewSizePercent                         = 20                                   {experimental} {command line}
    uintx G1ReservePercent                         = 20                                        {product} {command line}
    uintx GCDrainStackTargetSize                   = 64                                        {product} {ergonomic}
   size_t InitialHeapSize                          = 536870912                                 {product} {ergonomic}
   size_t MarkStackSize                            = 4194304                                   {product} {ergonomic}
    uintx MaxGCPauseMillis                         = 50                                        {product} {command line}
   size_t MaxHeapSize                              = 2147483648                                {product} {command line}
   size_t MaxNewSize                               = 1275068416                                {product} {ergonomic}
   size_t MinHeapDeltaBytes                        = 33554432                                  {product} {ergonomic}
   size_t MinHeapSize                              = 33554432                                  {product} {ergonomic}
    uintx NonNMethodCodeHeapSize                   = 5839372                                {pd product} {ergonomic}
    uintx NonProfiledCodeHeapSize                  = 122909434                              {pd product} {ergonomic}
    uintx ProfiledCodeHeapSize                     = 122909434                              {pd product} {ergonomic}
    uintx ReservedCodeCacheSize                    = 251658240                              {pd product} {ergonomic}
     bool SegmentedCodeCache                       = true                                      {product} {ergonomic}
   size_t SoftMaxHeapSize                          = 2147483648                             {manageable} {ergonomic}
     bool UnlockExperimentalVMOptions              = true                                 {experimental} {command line}
     bool UseCompressedClassPointers               = true                           {product lp64_product} {ergonomic}
     bool UseCompressedOops                        = true                           {product lp64_product} {ergonomic}
     bool UseFastUnorderedTimeStamps               = true                                 {experimental} {ergonomic}
     bool UseG1GC                                  = true                                      {product} {command line}
     bool UseLargePagesIndividualAllocation        = false                                  {pd product} {ergonomic}

Logging:
Log output configuration:
 #0: stdout all=warning uptime,level,tags
 #1: stderr all=off uptime,level,tags

Environment Variables:
JAVA_HOME=C:\Users\user\Programs\graalvm-ce-java8-19.3.6
PATH=C:\Users\user\Projects\Programming\OfflineMC\OfflineMinecraftPycharm\venv\Scripts;C:\Program Files (x86)\GnuWin32\bin;C:\Program Files\NVIDIA GPU Computing Toolkit\CUDA\v11.5\bin;C:\Program Files\NVIDIA GPU Computing Toolkit\CUDA\v11.5\libnvvp;C:\Program Files (x86)\Common Files\Oracle\Java\javapath;C:\Program Files\Alacritty\;C:\VulkanSDK\1.2.189.2\Bin;C:\Program Files\Conan\conan;C:\Python39\Scripts\;C:\Python39\;C:\Windows\system32;C:\Windows;C:\Windows\System32\Wbem;C:\Windows\System32\WindowsPowerShell\v1.0\;C:\Windows\System32\OpenSSH\;C:\ProgramData\chocolatey\bin;C:\Program Files (x86)\Calibre2\;C:\Program Files\Git\cmd;C:\Program Files (x86)\NVIDIA Corporation\PhysX\Common;C:\ProgramData\chocolatey\lib\mpv.install\tools;C:\Program Files\PuTTY\;C:\Program Files\dotnet\;C:\Users\user\Programs\graalvm-ce-java8-19.3.6\bin;C:\Users\user\Programs;C:\Users\user\Programs\ffmpeg\bin;C:\Users\user\Programs\adb;C:\Users\user\Programs\coreutils\bin;C:\Users\user\Programs\grep\bin;C:\Users\user\Programs\pcre\bin;C:\Users\user\Programs\libs;C:\Program Files\NVIDIA Corporation\Nsight Compute 2021.3.1\;C:\Program Files\NVIDIA Corporation\NVIDIA NvDLISR;C:\Users\user\Programs\zlib\bin;C:\Users\user\Programs\openssl;C:\Program Files\CMake\bin;C:\Program Files (x86)\GnuWin32\include;C:\Users\user\AppData\Local\Programs\Python\Python310\Scripts\;C:\Users\user\AppData\Local\Programs\Python\Python310\;C:\Users\user\scoop\shims;C:\Users\user\AppData\Local\Microsoft\WindowsApps;C:\Users\user\AppData\Local\GitHubDesktop\bin
USERNAME=jack
OS=Windows_NT
PROCESSOR_IDENTIFIER=Intel64 Family 6 Model 165 Stepping 2, GenuineIntel



---------------  S Y S T E M  ---------------

OS:
 Windows 10 , 64 bit Build 19041 (10.0.19041.1023)
OS uptime: 9 days 9:35 hours

CPU: total 12 (initial active 12) (6 cores per cpu, 2 threads per core) family 6 model 165 stepping 2 microcode 0xc8, cx8, cmov, fxsr, ht, mmx, 3dnowpref, sse, sse2, sse3, ssse3, sse4.1, sse4.2, popcnt, lzcnt, tsc, tscinvbit, avx, avx2, aes, erms, clmul, bmi1, bmi2, adx, fma, vzeroupper, clflush, clflushopt

Memory: 4k page, system-wide physical 32599M (19954M free)
TotalPageFile size 37975M (AvailPageFile size 15728M)
current process WorkingSet (physical memory assigned to process): 913M, peak: 913M
current process commit charge ("private bytes"): 1399M, peak: 1399M

vm_info: OpenJDK 64-Bit Server VM (17.0.1+12-LTS) for windows-amd64 JRE (17.0.1+12-LTS), built on Oct 20 2021 22:41:43 by "" with MS VC++ 16.10 / 16.11 (VS2019)

END.
